---------------------------------------
Begin Slurm Prolog: Dec-02-2025 04:57:51
Job ID:    3738348
User ID:   kalyono3
Account:   coc
Job name:  xv2_wind_train
Partition: coc-gpu
QOS:       coc-ice
---------------------------------------
Starting job 3738348 on atl1-1-01-002-8-0
Tue Dec  2 04:57:51 2025       
+-----------------------------------------------------------------------------------------+
| NVIDIA-SMI 575.57.08              Driver Version: 575.57.08      CUDA Version: 12.9     |
|-----------------------------------------+------------------------+----------------------+
| GPU  Name                 Persistence-M | Bus-Id          Disp.A | Volatile Uncorr. ECC |
| Fan  Temp   Perf          Pwr:Usage/Cap |           Memory-Usage | GPU-Util  Compute M. |
|                                         |                        |               MIG M. |
|=========================================+========================+======================|
|   0  Tesla V100-PCIE-32GB           On  |   00000000:5E:00.0 Off |                    0 |
| N/A   31C    P0             25W /  250W |       0MiB /  32768MiB |      0%      Default |
|                                         |                        |                  N/A |
+-----------------------------------------+------------------------+----------------------+
                                                                                         
+-----------------------------------------------------------------------------------------+
| Processes:                                                                              |
|  GPU   GI   CI              PID   Type   Process name                        GPU Memory |
|        ID   ID                                                               Usage      |
|=========================================================================================|
|  No running processes found                                                             |
+-----------------------------------------------------------------------------------------+

CommandNotFoundError: Your shell has not been properly configured to use 'conda deactivate'.
To initialize your shell, run

    $ conda init <SHELL_NAME>

Currently supported shells are:
  - bash
  - fish
  - tcsh
  - xonsh
  - zsh
  - powershell

See 'conda init --help' for more information and options.

IMPORTANT: You may need to close and restart your shell after running 'conda init'.


main.py:9: UserWarning: 
The version_base parameter is not specified.
Please specify a compatability version level, or None.
Will assume defaults for version 1.1
  @hydra.main(config_path="conf", config_name="config")
/home/hice1/kalyono3/scratch/conda_venvs/xview2_strong_baseline/lib/python3.8/site-packages/hydra/_internal/defaults_list.py:251: UserWarning: In 'config': Defaults list is missing `_self_`. See https://hydra.cc/docs/1.2/upgrades/1.0_to_1.1/default_composition_order for more information
  warnings.warn(msg, UserWarning)
/home/hice1/kalyono3/scratch/conda_venvs/xview2_strong_baseline/lib/python3.8/site-packages/hydra/_internal/defaults_list.py:415: UserWarning: In config: Invalid overriding of hydra/job_logging:
Default list overrides requires 'override' keyword.
See https://hydra.cc/docs/1.2/upgrades/1.0_to_1.1/defaults_list_override for more information.

  deprecation_warning(msg)
/home/hice1/kalyono3/scratch/conda_venvs/xview2_strong_baseline/lib/python3.8/site-packages/hydra/_internal/defaults_list.py:415: UserWarning: In config: Invalid overriding of hydra/hydra_logging:
Default list overrides requires 'override' keyword.
See https://hydra.cc/docs/1.2/upgrades/1.0_to_1.1/defaults_list_override for more information.

  deprecation_warning(msg)
/home/hice1/kalyono3/scratch/conda_venvs/xview2_strong_baseline/lib/python3.8/site-packages/hydra/_internal/hydra.py:119: UserWarning: Future Hydra versions will no longer change working directory at job runtime by default.
See https://hydra.cc/docs/1.2/upgrades/1.1_to_1.2/changes_to_job_working_dir/ for more information.
  ret = run_job(
[rank: 0] Global seed set to 42
Error executing job with overrides: ['data=supervised_data', 'trainer.devices=1', 'trainer.strategy=null', 'group=wind_supervised']
Traceback (most recent call last):
  File "/home/hice1/kalyono3/scratch/conda_venvs/xview2_strong_baseline/lib/python3.8/site-packages/hydra/_internal/instantiate/_instantiate2.py", line 92, in _call_target
    return _target_(*args, **kwargs)
  File "/home/hice1/kalyono3/xview2_strong_baseline/datasets/supervised_dataset.py", line 54, in __init__
    self.all_files = self.get_all_files() if legacy else self.get_all_files()
  File "/home/hice1/kalyono3/xview2_strong_baseline/datasets/supervised_dataset.py", line 113, in get_all_files
    for f in sorted(os.listdir(os.path.join(d, 'images'))):
FileNotFoundError: [Errno 2] No such file or directory: '/scratch/data_wind/wind_tier3/images'

The above exception was the direct cause of the following exception:

Traceback (most recent call last):
  File "main.py", line 34, in <module>
    main()
  File "/home/hice1/kalyono3/scratch/conda_venvs/xview2_strong_baseline/lib/python3.8/site-packages/hydra/main.py", line 94, in decorated_main
    _run_hydra(
  File "/home/hice1/kalyono3/scratch/conda_venvs/xview2_strong_baseline/lib/python3.8/site-packages/hydra/_internal/utils.py", line 394, in _run_hydra
    _run_app(
  File "/home/hice1/kalyono3/scratch/conda_venvs/xview2_strong_baseline/lib/python3.8/site-packages/hydra/_internal/utils.py", line 457, in _run_app
    run_and_report(
  File "/home/hice1/kalyono3/scratch/conda_venvs/xview2_strong_baseline/lib/python3.8/site-packages/hydra/_internal/utils.py", line 223, in run_and_report
    raise ex
  File "/home/hice1/kalyono3/scratch/conda_venvs/xview2_strong_baseline/lib/python3.8/site-packages/hydra/_internal/utils.py", line 220, in run_and_report
    return func()
  File "/home/hice1/kalyono3/scratch/conda_venvs/xview2_strong_baseline/lib/python3.8/site-packages/hydra/_internal/utils.py", line 458, in <lambda>
    lambda: hydra.run(
  File "/home/hice1/kalyono3/scratch/conda_venvs/xview2_strong_baseline/lib/python3.8/site-packages/hydra/_internal/hydra.py", line 132, in run
    _ = ret.return_value
  File "/home/hice1/kalyono3/scratch/conda_venvs/xview2_strong_baseline/lib/python3.8/site-packages/hydra/core/utils.py", line 260, in return_value
    raise self._return_value
  File "/home/hice1/kalyono3/scratch/conda_venvs/xview2_strong_baseline/lib/python3.8/site-packages/hydra/core/utils.py", line 186, in run_job
    ret.return_value = task_function(task_cfg)
  File "main.py", line 13, in main
    data_module = hydra.utils.instantiate(cfg.data)
  File "/home/hice1/kalyono3/scratch/conda_venvs/xview2_strong_baseline/lib/python3.8/site-packages/hydra/_internal/instantiate/_instantiate2.py", line 226, in instantiate
    return instantiate_node(
  File "/home/hice1/kalyono3/scratch/conda_venvs/xview2_strong_baseline/lib/python3.8/site-packages/hydra/_internal/instantiate/_instantiate2.py", line 347, in instantiate_node
    return _call_target(_target_, partial, args, kwargs, full_key)
  File "/home/hice1/kalyono3/scratch/conda_venvs/xview2_strong_baseline/lib/python3.8/site-packages/hydra/_internal/instantiate/_instantiate2.py", line 97, in _call_target
    raise InstantiationException(msg) from e
hydra.errors.InstantiationException: Error in call to target 'datasets.supervised_dataset.SLDataModule':
FileNotFoundError(2, 'No such file or directory')
full_key: data
srun: error: atl1-1-01-002-8-0: task 0: Exited with exit code 1
---------------------------------------
Begin Slurm Epilog: Dec-02-2025 04:59:15
Job ID:        3738348
User ID:       kalyono3
Account:       coc
Job name:      xv2_wind_train
Resources:     cpu=4,gres/gpu:v100=1,mem=16G,node=1
Rsrc Used:     cput=00:05:36,vmem=0,walltime=00:01:24,mem=48500K,energy_used=0
Partition:     coc-gpu
QOS:           coc-ice
Nodes:         atl1-1-01-002-8-0
---------------------------------------
