---------------------------------------
Begin Slurm Prolog: Dec-02-2025 14:09:39
Job ID:    3757491
User ID:   kalyono3
Account:   coc
Job name:  xv2_wind_debug
Partition: coc-gpu
QOS:       coc-ice
---------------------------------------
Starting debug job 3757491 on atl1-1-02-010-33-0
Tue Dec  2 14:09:39 2025       
+-----------------------------------------------------------------------------------------+
| NVIDIA-SMI 575.57.08              Driver Version: 575.57.08      CUDA Version: 12.9     |
|-----------------------------------------+------------------------+----------------------+
| GPU  Name                 Persistence-M | Bus-Id          Disp.A | Volatile Uncorr. ECC |
| Fan  Temp   Perf          Pwr:Usage/Cap |           Memory-Usage | GPU-Util  Compute M. |
|                                         |                        |               MIG M. |
|=========================================+========================+======================|
|   0  Tesla V100-PCIE-16GB           On  |   00000000:3B:00.0 Off |                    0 |
| N/A   44C    P0             27W /  250W |       0MiB /  16384MiB |      0%      Default |
|                                         |                        |                  N/A |
+-----------------------------------------+------------------------+----------------------+
                                                                                         
+-----------------------------------------------------------------------------------------+
| Processes:                                                                              |
|  GPU   GI   CI              PID   Type   Process name                        GPU Memory |
|        ID   ID                                                               Usage      |
|=========================================================================================|
|  No running processes found                                                             |
+-----------------------------------------------------------------------------------------+
Running 1-epoch debug training...
main.py:9: UserWarning: 
The version_base parameter is not specified.
Please specify a compatability version level, or None.
Will assume defaults for version 1.1
  @hydra.main(config_path="conf", config_name="config")
/home/hice1/kalyono3/scratch/conda_venvs/xview2_strong_baseline/lib/python3.8/site-packages/hydra/_internal/defaults_list.py:251: UserWarning: In 'config': Defaults list is missing `_self_`. See https://hydra.cc/docs/1.2/upgrades/1.0_to_1.1/default_composition_order for more information
  warnings.warn(msg, UserWarning)
/home/hice1/kalyono3/scratch/conda_venvs/xview2_strong_baseline/lib/python3.8/site-packages/hydra/_internal/defaults_list.py:415: UserWarning: In config: Invalid overriding of hydra/job_logging:
Default list overrides requires 'override' keyword.
See https://hydra.cc/docs/1.2/upgrades/1.0_to_1.1/defaults_list_override for more information.

  deprecation_warning(msg)
/home/hice1/kalyono3/scratch/conda_venvs/xview2_strong_baseline/lib/python3.8/site-packages/hydra/_internal/defaults_list.py:415: UserWarning: In config: Invalid overriding of hydra/hydra_logging:
Default list overrides requires 'override' keyword.
See https://hydra.cc/docs/1.2/upgrades/1.0_to_1.1/defaults_list_override for more information.

  deprecation_warning(msg)
/home/hice1/kalyono3/scratch/conda_venvs/xview2_strong_baseline/lib/python3.8/site-packages/hydra/_internal/hydra.py:119: UserWarning: Future Hydra versions will no longer change working directory at job runtime by default.
See https://hydra.cc/docs/1.2/upgrades/1.1_to_1.2/changes_to_job_working_dir/ for more information.
  ret = run_job(
[rank: 0] Global seed set to 42
Error executing job with overrides: ['data=supervised_data', 'trainer.devices=1', 'trainer.max_epochs=1', 'group=wind_supervised_debug']
Traceback (most recent call last):
  File "/home/hice1/kalyono3/scratch/conda_venvs/xview2_strong_baseline/lib/python3.8/site-packages/hydra/_internal/utils.py", line 650, in _locate
    obj = import_module(mod)
  File "/home/hice1/kalyono3/scratch/conda_venvs/xview2_strong_baseline/lib/python3.8/importlib/__init__.py", line 127, in import_module
    return _bootstrap._gcd_import(name[level:], package, level)
  File "<frozen importlib._bootstrap>", line 1014, in _gcd_import
  File "<frozen importlib._bootstrap>", line 991, in _find_and_load
  File "<frozen importlib._bootstrap>", line 970, in _find_and_load_unlocked
ModuleNotFoundError: No module named 'datasets.supervised_dataset.DirSplitSLDataModule'; 'datasets.supervised_dataset' is not a package

The above exception was the direct cause of the following exception:

Traceback (most recent call last):
  File "/home/hice1/kalyono3/scratch/conda_venvs/xview2_strong_baseline/lib/python3.8/site-packages/hydra/_internal/instantiate/_instantiate2.py", line 134, in _resolve_target
    target = _locate(target)
  File "/home/hice1/kalyono3/scratch/conda_venvs/xview2_strong_baseline/lib/python3.8/site-packages/hydra/_internal/utils.py", line 653, in _locate
    raise ImportError(
ImportError: Error loading 'datasets.supervised_dataset.DirSplitSLDataModule':
ModuleNotFoundError("No module named 'datasets.supervised_dataset.DirSplitSLDataModule'; 'datasets.supervised_dataset' is not a package")
Are you sure that 'DirSplitSLDataModule' is importable from module 'datasets.supervised_dataset'?

The above exception was the direct cause of the following exception:

Traceback (most recent call last):
  File "main.py", line 43, in <module>
    main()
  File "/home/hice1/kalyono3/scratch/conda_venvs/xview2_strong_baseline/lib/python3.8/site-packages/hydra/main.py", line 94, in decorated_main
    _run_hydra(
  File "/home/hice1/kalyono3/scratch/conda_venvs/xview2_strong_baseline/lib/python3.8/site-packages/hydra/_internal/utils.py", line 394, in _run_hydra
    _run_app(
  File "/home/hice1/kalyono3/scratch/conda_venvs/xview2_strong_baseline/lib/python3.8/site-packages/hydra/_internal/utils.py", line 457, in _run_app
    run_and_report(
  File "/home/hice1/kalyono3/scratch/conda_venvs/xview2_strong_baseline/lib/python3.8/site-packages/hydra/_internal/utils.py", line 223, in run_and_report
    raise ex
  File "/home/hice1/kalyono3/scratch/conda_venvs/xview2_strong_baseline/lib/python3.8/site-packages/hydra/_internal/utils.py", line 220, in run_and_report
    return func()
  File "/home/hice1/kalyono3/scratch/conda_venvs/xview2_strong_baseline/lib/python3.8/site-packages/hydra/_internal/utils.py", line 458, in <lambda>
    lambda: hydra.run(
  File "/home/hice1/kalyono3/scratch/conda_venvs/xview2_strong_baseline/lib/python3.8/site-packages/hydra/_internal/hydra.py", line 132, in run
    _ = ret.return_value
  File "/home/hice1/kalyono3/scratch/conda_venvs/xview2_strong_baseline/lib/python3.8/site-packages/hydra/core/utils.py", line 260, in return_value
    raise self._return_value
  File "/home/hice1/kalyono3/scratch/conda_venvs/xview2_strong_baseline/lib/python3.8/site-packages/hydra/core/utils.py", line 186, in run_job
    ret.return_value = task_function(task_cfg)
  File "main.py", line 14, in main
    data_module = hydra.utils.instantiate(cfg.data)
  File "/home/hice1/kalyono3/scratch/conda_venvs/xview2_strong_baseline/lib/python3.8/site-packages/hydra/_internal/instantiate/_instantiate2.py", line 226, in instantiate
    return instantiate_node(
  File "/home/hice1/kalyono3/scratch/conda_venvs/xview2_strong_baseline/lib/python3.8/site-packages/hydra/_internal/instantiate/_instantiate2.py", line 333, in instantiate_node
    _target_ = _resolve_target(node.get(_Keys.TARGET), full_key)
  File "/home/hice1/kalyono3/scratch/conda_venvs/xview2_strong_baseline/lib/python3.8/site-packages/hydra/_internal/instantiate/_instantiate2.py", line 139, in _resolve_target
    raise InstantiationException(msg) from e
hydra.errors.InstantiationException: Error locating target 'datasets.supervised_dataset.DirSplitSLDataModule', set env var HYDRA_FULL_ERROR=1 to see chained exception.
full_key: data
srun: error: atl1-1-02-010-33-0: task 0: Exited with exit code 1
---------------------------------------
Begin Slurm Epilog: Dec-02-2025 14:11:34
Job ID:        3757491
User ID:       kalyono3
Account:       coc
Job name:      xv2_wind_debug
Resources:     cpu=4,gres/gpu:v100=1,mem=16G,node=1
Rsrc Used:     cput=00:07:40,vmem=0,walltime=00:01:55,mem=48072K,energy_used=0
Partition:     coc-gpu
QOS:           coc-ice
Nodes:         atl1-1-02-010-33-0
---------------------------------------
